# JRE version: Java(TM) SE Runtime Environment (8.0_92-b14) (build 1.8.0_92-b14)
# Java VM: Java HotSpot(TM) 64-Bit Server VM (25.92-b14 mixed mode windows-amd64 compressed oops)
Heap:
 PSYoungGen      total 247296K, used 94060K [0x00000000eab00000, 0x00000000fe480000, 0x0000000100000000)
  eden space 229376K, 41% used [0x00000000eab00000,0x00000000f06db288,0x00000000f8b00000)
  from space 17920K, 0% used [0x00000000f8b00000,0x00000000f8b00000,0x00000000f9c80000)
  to   space 17408K, 0% used [0x00000000fd380000,0x00000000fd380000,0x00000000fe480000)
 ParOldGen       total 92160K, used 41370K [0x00000000c0000000, 0x00000000c5a00000, 0x00000000eab00000)
  object space 92160K, 44% used [0x00000000c0000000,0x00000000c2866a48,0x00000000c5a00000)
 Metaspace       used 60203K, capacity 61730K, committed 63232K, reserved 1103872K
  class space    used 7957K, capacity 8350K, committed 8704K, reserved 1048576K
GC Heap History (10 events):
Event: 8.021 GC heap before
{Heap before GC invocations=15 (full 3):
 PSYoungGen      total 197120K, used 13788K [0x00000000eab00000, 0x00000000f7f80000, 0x0000000100000000)
  eden space 182784K, 0% used [0x00000000eab00000,0x00000000eab00000,0x00000000f5d80000)
  from space 14336K, 96% used [0x00000000f6d80000,0x00000000f7af7220,0x00000000f7b80000)
  to   space 16384K, 0% used [0x00000000f5d80000,0x00000000f5d80000,0x00000000f6d80000)
 ParOldGen       total 53760K, used 33853K [0x00000000c0000000, 0x00000000c3480000, 0x00000000eab00000)
  object space 53760K, 62% used [0x00000000c0000000,0x00000000c210f648,0x00000000c3480000)
 Metaspace       used 48291K, capacity 49622K, committed 49792K, reserved 1091584K
  class space    used 6664K, capacity 7005K, committed 7040K, reserved 1048576K
Event: 8.321 GC heap after
Heap after GC invocations=15 (full 3):
 PSYoungGen      total 197120K, used 0K [0x00000000eab00000, 0x00000000f7f80000, 0x0000000100000000)
  eden space 182784K, 0% used [0x00000000eab00000,0x00000000eab00000,0x00000000f5d80000)
  from space 14336K, 0% used [0x00000000f6d80000,0x00000000f6d80000,0x00000000f7b80000)
  to   space 16384K, 0% used [0x00000000f5d80000,0x00000000f5d80000,0x00000000f6d80000)
 ParOldGen       total 53760K, used 41877K [0x00000000c0000000, 0x00000000c3480000, 0x00000000eab00000)
  object space 53760K, 77% used [0x00000000c0000000,0x00000000c28e55a8,0x00000000c3480000)
 Metaspace       used 48291K, capacity 49622K, committed 49792K, reserved 1091584K
  class space    used 6664K, capacity 7005K, committed 7040K, reserved 1048576K
}
Event: 7776.654 GC heap before
{Heap before GC invocations=16 (full 3):
 PSYoungGen      total 197120K, used 182784K [0x00000000eab00000, 0x00000000f7f80000, 0x0000000100000000)
  eden space 182784K, 100% used [0x00000000eab00000,0x00000000f5d80000,0x00000000f5d80000)
  from space 14336K, 0% used [0x00000000f6d80000,0x00000000f6d80000,0x00000000f7b80000)
  to   space 16384K, 0% used [0x00000000f5d80000,0x00000000f5d80000,0x00000000f6d80000)
 ParOldGen       total 53760K, used 41877K [0x00000000c0000000, 0x00000000c3480000, 0x00000000eab00000)
  object space 53760K, 77% used [0x00000000c0000000,0x00000000c28e55a8,0x00000000c3480000)
 Metaspace       used 52105K, capacity 53854K, committed 54016K, reserved 1095680K
  class space    used 7179K, capacity 7616K, committed 7680K, reserved 1048576K
Event: 7777.513 GC heap after
Heap after GC invocations=16 (full 3):
 PSYoungGen      total 199168K, used 6893K [0x00000000eab00000, 0x00000000fae00000, 0x0000000100000000)
  eden space 182784K, 0% used [0x00000000eab00000,0x00000000eab00000,0x00000000f5d80000)
  from space 16384K, 42% used [0x00000000f5d80000,0x00000000f643b600,0x00000000f6d80000)
  to   space 15360K, 0% used [0x00000000f9f00000,0x00000000f9f00000,0x00000000fae00000)
 ParOldGen       total 53760K, used 41885K [0x00000000c0000000, 0x00000000c3480000, 0x00000000eab00000)
  object space 53760K, 77% used [0x00000000c0000000,0x00000000c28e75a8,0x00000000c3480000)
 Metaspace       used 52105K, capacity 53854K, committed 54016K, reserved 1095680K
  class space    used 7179K, capacity 7616K, committed 7680K, reserved 1048576K
}
Event: 7781.475 GC heap before
{Heap before GC invocations=17 (full 3):
 PSYoungGen      total 199168K, used 189677K [0x00000000eab00000, 0x00000000fae00000, 0x0000000100000000)
  eden space 182784K, 100% used [0x00000000eab00000,0x00000000f5d80000,0x00000000f5d80000)
  from space 16384K, 42% used [0x00000000f5d80000,0x00000000f643b600,0x00000000f6d80000)
  to   space 15360K, 0% used [0x00000000f9f00000,0x00000000f9f00000,0x00000000fae00000)
 ParOldGen       total 53760K, used 41885K [0x00000000c0000000, 0x00000000c3480000, 0x00000000eab00000)
  object space 53760K, 77% used [0x00000000c0000000,0x00000000c28e75a8,0x00000000c3480000)
 Metaspace       used 54435K, capacity 56356K, committed 56576K, reserved 1097728K
  class space    used 7421K, capacity 7921K, committed 7936K, reserved 1048576K
Event: 7781.499 GC heap after
Heap after GC invocations=17 (full 3):
 PSYoungGen      total 244224K, used 15356K [0x00000000eab00000, 0x00000000fae00000, 0x0000000100000000)
  eden space 228864K, 0% used [0x00000000eab00000,0x00000000eab00000,0x00000000f8a80000)
  from space 15360K, 99% used [0x00000000f9f00000,0x00000000fadff0c0,0x00000000fae00000)
  to   space 17920K, 0% used [0x00000000f8b00000,0x00000000f8b00000,0x00000000f9c80000)
 ParOldGen       total 53760K, used 43082K [0x00000000c0000000, 0x00000000c3480000, 0x00000000eab00000)
  object space 53760K, 80% used [0x00000000c0000000,0x00000000c2a12ad8,0x00000000c3480000)
 Metaspace       used 54435K, capacity 56356K, committed 56576K, reserved 1097728K
  class space    used 7421K, capacity 7921K, committed 7936K, reserved 1048576K
}
Event: 7785.907 GC heap before
{Heap before GC invocations=18 (full 3):
 PSYoungGen      total 244224K, used 244220K [0x00000000eab00000, 0x00000000fae00000, 0x0000000100000000)
  eden space 228864K, 100% used [0x00000000eab00000,0x00000000f8a80000,0x00000000f8a80000)
  from space 15360K, 99% used [0x00000000f9f00000,0x00000000fadff0c0,0x00000000fae00000)
  to   space 17920K, 0% used [0x00000000f8b00000,0x00000000f8b00000,0x00000000f9c80000)
 ParOldGen       total 53760K, used 43082K [0x00000000c0000000, 0x00000000c3480000, 0x00000000eab00000)
  object space 53760K, 80% used [0x00000000c0000000,0x00000000c2a12ad8,0x00000000c3480000)
 Metaspace       used 60309K, capacity 62276K, committed 62464K, reserved 1103872K
  class space    used 8090K, capacity 8591K, committed 8704K, reserved 1048576K
Event: 7785.986 GC heap after
Heap after GC invocations=18 (full 3):
 PSYoungGen      total 247296K, used 9472K [0x00000000eab00000, 0x00000000fe480000, 0x0000000100000000)
  eden space 229376K, 0% used [0x00000000eab00000,0x00000000eab00000,0x00000000f8b00000)
  from space 17920K, 52% used [0x00000000f8b00000,0x00000000f9440218,0x00000000f9c80000)
  to   space 17408K, 0% used [0x00000000fd380000,0x00000000fd380000,0x00000000fe480000)
 ParOldGen       total 53760K, used 49912K [0x00000000c0000000, 0x00000000c3480000, 0x00000000eab00000)
  object space 53760K, 92% used [0x00000000c0000000,0x00000000c30be130,0x00000000c3480000)
 Metaspace       used 60309K, capacity 62276K, committed 62464K, reserved 1103872K
  class space    used 8090K, capacity 8591K, committed 8704K, reserved 1048576K
}
Event: 7785.986 GC heap before
{Heap before GC invocations=19 (full 4):
 PSYoungGen      total 247296K, used 9472K [0x00000000eab00000, 0x00000000fe480000, 0x0000000100000000)
  eden space 229376K, 0% used [0x00000000eab00000,0x00000000eab00000,0x00000000f8b00000)
  from space 17920K, 52% used [0x00000000f8b00000,0x00000000f9440218,0x00000000f9c80000)
  to   space 17408K, 0% used [0x00000000fd380000,0x00000000fd380000,0x00000000fe480000)
 ParOldGen       total 53760K, used 49912K [0x00000000c0000000, 0x00000000c3480000, 0x00000000eab00000)
  object space 53760K, 92% used [0x00000000c0000000,0x00000000c30be130,0x00000000c3480000)
 Metaspace       used 60309K, capacity 62276K, committed 62464K, reserved 1103872K
  class space    used 8090K, capacity 8591K, committed 8704K, reserved 1048576K
Event: 7787.613 GC heap after
Heap after GC invocations=19 (full 4):
 PSYoungGen      total 247296K, used 0K [0x00000000eab00000, 0x00000000fe480000, 0x0000000100000000)
  eden space 229376K, 0% used [0x00000000eab00000,0x00000000eab00000,0x00000000f8b00000)
  from space 17920K, 0% used [0x00000000f8b00000,0x00000000f8b00000,0x00000000f9c80000)
  to   space 17408K, 0% used [0x00000000fd380000,0x00000000fd380000,0x00000000fe480000)
 ParOldGen       total 92160K, used 41370K [0x00000000c0000000, 0x00000000c5a00000, 0x00000000eab00000)
  object space 92160K, 44% used [0x00000000c0000000,0x00000000c2866a48,0x00000000c5a00000)
 Metaspace       used 59126K, capacity 60486K, committed 62464K, reserved 1103872K
  class space    used 7848K, capacity 8180K, committed 8704K, reserved 1048576K
}

